L 04/08/2019 - 09:58:32: Start of error session.
L 04/08/2019 - 09:58:32: Info (map "=vatb_training_awp") (file "addons/amxmodx/logs/error_20190408.log")
L 04/08/2019 - 09:58:32: [AMXX] Plugin file open error (plugin "vlhtraining_motd.amxx")
L 04/08/2019 - 10:04:51: Start of error session.
L 04/08/2019 - 10:04:51: Info (map "=vatb_training_awp") (file "addons/amxmodx/logs/error_20190408.log")
L 04/08/2019 - 10:04:51: [AMXX] Plugin file open error (plugin "vlhtraining_motd.amxx")
L 04/08/2019 - 10:06:56: Start of error session.
L 04/08/2019 - 10:06:56: Info (map "=vatb_training_awp") (file "addons/amxmodx/logs/error_20190408.log")
L 04/08/2019 - 10:06:56: [AMXX] Plugin file open error (plugin "vlhtraining_motd.amxx")
L 04/08/2019 - 10:21:21: Start of error session.
L 04/08/2019 - 10:21:21: Info (map "=vatb_training_awp") (file "addons/amxmodx/logs/error_20190408.log")
L 04/08/2019 - 10:21:21: [AMXX] Plugin file open error (plugin "vlhtraining_motd.amxx")
L 04/08/2019 - 10:24:51: Start of error session.
L 04/08/2019 - 10:24:51: Info (map "=vatb_training") (file "addons/amxmodx/logs/error_20190408.log")
L 04/08/2019 - 10:24:51: [AMXX] Plugin file open error (plugin "vlhtraining_motd.amxx")
L 04/08/2019 - 10:31:41: Start of error session.
L 04/08/2019 - 10:31:41: Info (map "=vatb_training") (file "addons/amxmodx/logs/error_20190408.log")
L 04/08/2019 - 10:31:41: [AMXX] Plugin file open error (plugin "vlhtraining_motd.amxx")
L 04/08/2019 - 11:42:16: Start of error session.
L 04/08/2019 - 11:42:16: Info (map "=vatb_runners") (file "addons/amxmodx/logs/error_20190408.log")
L 04/08/2019 - 11:42:16: [AMXX] Plugin file open error (plugin "vlhtraining_motd.amxx")
L 04/08/2019 - 11:53:44: Start of error session.
L 04/08/2019 - 11:53:44: Info (map "=vatb_runners") (file "addons/amxmodx/logs/error_20190408.log")
L 04/08/2019 - 11:53:44: [AMXX] Plugin file open error (plugin "vlhtraining_motd.amxx")
L 04/08/2019 - 11:54:33: Start of error session.
L 04/08/2019 - 11:54:33: Info (map "=vatb_training") (file "addons/amxmodx/logs/error_20190408.log")
L 04/08/2019 - 11:54:33: [AMXX] Plugin file open error (plugin "vlhtraining_motd.amxx")
L 04/08/2019 - 11:54:44: Start of error session.
L 04/08/2019 - 11:54:44: Info (map "=vatb_runners") (file "addons/amxmodx/logs/error_20190408.log")
L 04/08/2019 - 11:54:44: [AMXX] Plugin file open error (plugin "vlhtraining_motd.amxx")
L 04/08/2019 - 11:54:47: Start of error session.
L 04/08/2019 - 11:54:47: Info (map "=vatb_training") (file "addons/amxmodx/logs/error_20190408.log")
L 04/08/2019 - 11:54:47: [AMXX] Plugin file open error (plugin "vlhtraining_motd.amxx")
L 04/08/2019 - 11:55:23: Start of error session.
L 04/08/2019 - 11:55:23: Info (map "=vatb_enarme2") (file "addons/amxmodx/logs/error_20190408.log")
L 04/08/2019 - 11:55:23: [AMXX] Plugin file open error (plugin "vlhtraining_motd.amxx")
L 04/08/2019 - 12:27:39: Start of error session.
L 04/08/2019 - 12:27:39: Info (map "=vatb_training") (file "addons/amxmodx/logs/error_20190408.log")
L 04/08/2019 - 12:27:39: [AMXX] Plugin file open error (plugin "vlhtraining_motd.amxx")
L 04/08/2019 - 12:30:10: Start of error session.
L 04/08/2019 - 12:30:10: Info (map "=vatb_training") (file "addons/amxmodx/logs/error_20190408.log")
L 04/08/2019 - 12:30:10: [AMXX] Plugin file open error (plugin "vlhtraining_motd.amxx")
L 04/08/2019 - 12:35:29: Start of error session.
L 04/08/2019 - 12:35:29: Info (map "=vatb_training") (file "addons/amxmodx/logs/error_20190408.log")
L 04/08/2019 - 12:35:29: [AMXX] Plugin file open error (plugin "vlhtraining_motd.amxx")
L 04/08/2019 - 12:37:33: Start of error session.
L 04/08/2019 - 12:37:33: Info (map "=vatb_training") (file "addons/amxmodx/logs/error_20190408.log")
L 04/08/2019 - 12:37:33: [AMXX] Plugin file open error (plugin "vlhtraining_motd.amxx")
L 04/08/2019 - 16:39:06: Start of error session.
L 04/08/2019 - 16:39:06: Info (map "=vatb_training") (file "addons/amxmodx/logs/error_20190408.log")
L 04/08/2019 - 16:39:06: [AMXX] Plugin file open error (plugin "vlhtraining_motd.amxx")
L 04/08/2019 - 17:04:24: Start of error session.
L 04/08/2019 - 17:04:24: Info (map "=vatb_training") (file "addons/amxmodx/logs/error_20190408.log")
L 04/08/2019 - 17:04:24: [AMXX] Plugin file open error (plugin "vlhtraining_motd.amxx")
L 04/08/2019 - 17:18:31: Start of error session.
L 04/08/2019 - 17:18:31: Info (map "=vatb_training") (file "addons/amxmodx/logs/error_20190408.log")
L 04/08/2019 - 17:18:31: [AMXX] Plugin file open error (plugin "vlhtraining_motd.amxx")
L 04/08/2019 - 17:24:27: Start of error session.
L 04/08/2019 - 17:24:27: Info (map "=vatb_training") (file "addons/amxmodx/logs/error_20190408.log")
L 04/08/2019 - 17:24:27: [AMXX] Plugin file open error (plugin "vlhtraining_motd.amxx")
L 04/08/2019 - 17:28:13: Start of error session.
L 04/08/2019 - 17:28:13: Info (map "=vatb_training") (file "addons/amxmodx/logs/error_20190408.log")
L 04/08/2019 - 17:28:13: [AMXX] Plugin file open error (plugin "vlhtraining_motd.amxx")
L 04/08/2019 - 17:31:28: Start of error session.
L 04/08/2019 - 17:31:28: Info (map "=vatb_training") (file "addons/amxmodx/logs/error_20190408.log")
L 04/08/2019 - 17:31:28: [AMXX] Plugin file open error (plugin "vlhtraining_motd.amxx")
L 04/08/2019 - 17:34:38: Start of error session.
L 04/08/2019 - 17:34:38: Info (map "=vatb_training") (file "addons/amxmodx/logs/error_20190408.log")
L 04/08/2019 - 17:34:38: [AMXX] Plugin file open error (plugin "vlhtraining_motd.amxx")
L 04/08/2019 - 17:42:43: Start of error session.
L 04/08/2019 - 17:42:43: Info (map "=vatb_training") (file "addons/amxmodx/logs/error_20190408.log")
L 04/08/2019 - 17:42:43: [AMXX] Plugin file open error (plugin "vlhtraining_motd.amxx")
L 04/08/2019 - 17:42:43: [AMXX] Plugin file open error (plugin "killer_screenfade.amxx")
