L 02/20/2019 - 10:14:47: Start of error session.
L 02/20/2019 - 10:14:47: Info (map "=vatb_training") (file "addons/amxmodx/logs/error_20190220.log")
L 02/20/2019 - 10:14:47: [AMXX] Plugin file open error (plugin "vlhtraining_motd.amxx")
L 02/20/2019 - 10:30:07: Start of error session.
L 02/20/2019 - 10:30:07: Info (map "=vatb_training") (file "addons/amxmodx/logs/error_20190220.log")
L 02/20/2019 - 10:30:07: [AMXX] Plugin file open error (plugin "vlhtraining_motd.amxx")
L 02/20/2019 - 10:30:07: [AMXX] Plugin file open error (plugin "vatb_bots9max.amxx")
L 02/20/2019 - 10:35:05: Start of error session.
L 02/20/2019 - 10:35:05: Info (map "=vatb_training") (file "addons/amxmodx/logs/error_20190220.log")
L 02/20/2019 - 10:35:05: [AMXX] Plugin file open error (plugin "vlhtraining_motd.amxx")
L 02/20/2019 - 10:35:05: [AMXX] Plugin file open error (plugin "vatb_bots9max.amxx")
L 02/20/2019 - 10:38:26: Start of error session.
L 02/20/2019 - 10:38:26: Info (map "=vatb_training") (file "addons/amxmodx/logs/error_20190220.log")
L 02/20/2019 - 10:38:26: [AMXX] Plugin file open error (plugin "vlhtraining_motd.amxx")
L 02/20/2019 - 10:38:26: [AMXX] Plugin file open error (plugin "vatb_botsnum.amxx")
L 02/20/2019 - 10:40:27: Start of error session.
L 02/20/2019 - 10:40:27: Info (map "=vatb_training") (file "addons/amxmodx/logs/error_20190220.log")
L 02/20/2019 - 10:40:27: [AMXX] Plugin file open error (plugin "vlhtraining_motd.amxx")
L 02/20/2019 - 10:44:00: Start of error session.
L 02/20/2019 - 10:44:00: Info (map "=vatb_training") (file "addons/amxmodx/logs/error_20190220.log")
L 02/20/2019 - 10:44:00: [AMXX] Plugin file open error (plugin "vlhtraining_motd.amxx")
L 02/20/2019 - 11:32:46: Start of error session.
L 02/20/2019 - 11:32:46: Info (map "=vatb_training") (file "addons/amxmodx/logs/error_20190220.log")
L 02/20/2019 - 11:32:46: [AMXX] Plugin file open error (plugin "vlhtraining_motd.amxx")
L 02/20/2019 - 11:33:55: Start of error session.
L 02/20/2019 - 11:33:55: Info (map "=vatb_training") (file "addons/amxmodx/logs/error_20190220.log")
L 02/20/2019 - 11:33:55: [AMXX] Plugin file open error (plugin "vlhtraining_motd.amxx")
L 02/20/2019 - 12:16:40: Start of error session.
L 02/20/2019 - 12:16:40: Info (map "=vatb_training") (file "addons/amxmodx/logs/error_20190220.log")
L 02/20/2019 - 12:16:40: [AMXX] Plugin file open error (plugin "vlhtraining_motd.amxx")
L 02/20/2019 - 13:06:07: Start of error session.
L 02/20/2019 - 13:06:07: Info (map "=vatb_training") (file "addons/amxmodx/logs/error_20190220.log")
L 02/20/2019 - 13:06:07: [AMXX] Plugin file open error (plugin "vlhtraining_motd.amxx")
L 02/20/2019 - 13:14:43: Start of error session.
L 02/20/2019 - 13:14:43: Info (map "=vatb_training") (file "addons/amxmodx/logs/error_20190220.log")
L 02/20/2019 - 13:14:43: [AMXX] Plugin file open error (plugin "vlhtraining_motd.amxx")
L 02/20/2019 - 14:11:41: Start of error session.
L 02/20/2019 - 14:11:41: Info (map "=vatb_training") (file "addons/amxmodx/logs/error_20190220.log")
L 02/20/2019 - 14:11:41: [AMXX] Plugin file open error (plugin "vlhtraining_motd.amxx")
L 02/20/2019 - 14:13:15: Start of error session.
L 02/20/2019 - 14:13:15: Info (map "=vatb_training") (file "addons/amxmodx/logs/error_20190220.log")
L 02/20/2019 - 14:13:15: [AMXX] Plugin file open error (plugin "vlhtraining_motd.amxx")
L 02/20/2019 - 14:51:31: Start of error session.
L 02/20/2019 - 14:51:31: Info (map "=vatb_training") (file "addons/amxmodx/logs/error_20190220.log")
L 02/20/2019 - 14:51:31: [AMXX] Plugin file open error (plugin "vlhtraining_motd.amxx")
L 02/20/2019 - 14:55:03: Start of error session.
L 02/20/2019 - 14:55:03: Info (map "=vatb_training") (file "addons/amxmodx/logs/error_20190220.log")
L 02/20/2019 - 14:55:03: [AMXX] Plugin file open error (plugin "vlhtraining_motd.amxx")
L 02/20/2019 - 15:00:05: Start of error session.
L 02/20/2019 - 15:00:05: Info (map "=vatb_training") (file "addons/amxmodx/logs/error_20190220.log")
L 02/20/2019 - 15:00:05: [AMXX] Plugin file open error (plugin "vlhtraining_motd.amxx")
L 02/20/2019 - 15:55:34: Start of error session.
L 02/20/2019 - 15:55:34: Info (map "vatb_dust2") (file "addons/amxmodx/logs/error_20190220.log")
L 02/20/2019 - 15:55:34: [AMXX] Plugin file open error (plugin "vlhtraining_motd.amxx")
L 02/20/2019 - 16:03:54: Start of error session.
L 02/20/2019 - 16:03:54: Info (map "vatb_dust2") (file "addons/amxmodx/logs/error_20190220.log")
L 02/20/2019 - 16:03:54: [AMXX] Plugin file open error (plugin "vlhtraining_motd.amxx")
L 02/20/2019 - 17:13:18: Start of error session.
L 02/20/2019 - 17:13:18: Info (map "vatb_dust2") (file "addons/amxmodx/logs/error_20190220.log")
L 02/20/2019 - 17:13:18: [AMXX] Plugin file open error (plugin "vlhtraining_motd.amxx")
L 02/20/2019 - 17:23:29: Start of error session.
L 02/20/2019 - 17:23:29: Info (map "vatb_dust2") (file "addons/amxmodx/logs/error_20190220.log")
L 02/20/2019 - 17:23:29: [AMXX] Plugin file open error (plugin "vlhtraining_motd.amxx")
L 02/20/2019 - 17:36:09: Start of error session.
L 02/20/2019 - 17:36:09: Info (map "vatb_dust2") (file "addons/amxmodx/logs/error_20190220.log")
L 02/20/2019 - 17:36:09: [AMXX] Plugin file open error (plugin "vlhtraining_motd.amxx")
L 02/20/2019 - 17:39:12: Start of error session.
L 02/20/2019 - 17:39:12: Info (map "vatb_dust2") (file "addons/amxmodx/logs/error_20190220.log")
L 02/20/2019 - 17:39:12: [AMXX] Plugin file open error (plugin "vlhtraining_motd.amxx")
L 02/20/2019 - 17:39:40: Start of error session.
L 02/20/2019 - 17:39:40: Info (map "vatb_dust2") (file "addons/amxmodx/logs/error_20190220.log")
L 02/20/2019 - 17:39:40: [AMXX] Plugin file open error (plugin "vlhtraining_motd.amxx")
L 02/20/2019 - 17:41:27: Start of error session.
L 02/20/2019 - 17:41:27: Info (map "de_dust2") (file "addons/amxmodx/logs/error_20190220.log")
L 02/20/2019 - 17:41:27: [AMXX] Plugin file open error (plugin "vlhtraining_motd.amxx")
L 02/20/2019 - 17:55:36: Start of error session.
L 02/20/2019 - 17:55:36: Info (map "vatb_dust2") (file "addons/amxmodx/logs/error_20190220.log")
L 02/20/2019 - 17:55:36: [AMXX] Plugin file open error (plugin "vlhtraining_motd.amxx")
