L 03/14/2019 - 11:06:01: Start of error session.
L 03/14/2019 - 11:06:01: Info (map "=vatb_training_awp") (file "addons/amxmodx/logs/error_20190314.log")
L 03/14/2019 - 11:06:01: [AMXX] Plugin file open error (plugin "vlhtraining_motd.amxx")
L 03/14/2019 - 11:07:49: Start of error session.
L 03/14/2019 - 11:07:49: Info (map "=vatb_training_awp") (file "addons/amxmodx/logs/error_20190314.log")
L 03/14/2019 - 11:07:49: [AMXX] Plugin file open error (plugin "vlhtraining_motd.amxx")
L 03/14/2019 - 11:11:44: Start of error session.
L 03/14/2019 - 11:11:44: Info (map "=vatb_training_awp") (file "addons/amxmodx/logs/error_20190314.log")
L 03/14/2019 - 11:11:44: [AMXX] Plugin file open error (plugin "vlhtraining_motd.amxx")
L 03/14/2019 - 11:29:06: Start of error session.
L 03/14/2019 - 11:29:06: Info (map "de_dust2") (file "addons/amxmodx/logs/error_20190314.log")
L 03/14/2019 - 11:29:06: [AMXX] Plugin file open error (plugin "vlhtraining_motd.amxx")
L 03/14/2019 - 11:34:02: Start of error session.
L 03/14/2019 - 11:34:02: Info (map "=vatb_training_awp") (file "addons/amxmodx/logs/error_20190314.log")
L 03/14/2019 - 11:34:02: [AMXX] Plugin file open error (plugin "vlhtraining_motd.amxx")
L 03/14/2019 - 11:44:56: Start of error session.
L 03/14/2019 - 11:44:56: Info (map "=vatb_training_awp") (file "addons/amxmodx/logs/error_20190314.log")
L 03/14/2019 - 11:44:56: [AMXX] Plugin file open error (plugin "vlhtraining_motd.amxx")
L 03/14/2019 - 12:01:10: Start of error session.
L 03/14/2019 - 12:01:10: Info (map "=vatb_training_awp") (file "addons/amxmodx/logs/error_20190314.log")
L 03/14/2019 - 12:01:10: [AMXX] Plugin file open error (plugin "vlhtraining_motd.amxx")
L 03/14/2019 - 12:03:47: Start of error session.
L 03/14/2019 - 12:03:47: Info (map "=vatb_training_awp") (file "addons/amxmodx/logs/error_20190314.log")
L 03/14/2019 - 12:03:47: [AMXX] Plugin file open error (plugin "vlhtraining_motd.amxx")
L 03/14/2019 - 12:10:50: Start of error session.
L 03/14/2019 - 12:10:50: Info (map "de_dust2") (file "addons/amxmodx/logs/error_20190314.log")
L 03/14/2019 - 12:10:50: [AMXX] Plugin file open error (plugin "vlhtraining_motd.amxx")
L 03/14/2019 - 12:13:46: Start of error session.
L 03/14/2019 - 12:13:46: Info (map "=vatb_training_awp") (file "addons/amxmodx/logs/error_20190314.log")
L 03/14/2019 - 12:13:46: [AMXX] Plugin file open error (plugin "vlhtraining_motd.amxx")
L 03/14/2019 - 12:43:52: Start of error session.
L 03/14/2019 - 12:43:52: Info (map "=vatb_training_awp") (file "addons/amxmodx/logs/error_20190314.log")
L 03/14/2019 - 12:43:52: [AMXX] Plugin file open error (plugin "vlhtraining_motd.amxx")
L 03/14/2019 - 13:13:13: Start of error session.
L 03/14/2019 - 13:13:13: Info (map "=vatb_training_awp") (file "addons/amxmodx/logs/error_20190314.log")
L 03/14/2019 - 13:13:13: [AMXX] Plugin file open error (plugin "vlhtraining_motd.amxx")
L 03/14/2019 - 13:15:23: Start of error session.
L 03/14/2019 - 13:15:23: Info (map "=vatb_training_awp") (file "addons/amxmodx/logs/error_20190314.log")
L 03/14/2019 - 13:15:23: [AMXX] Plugin file open error (plugin "vlhtraining_motd.amxx")
L 03/14/2019 - 13:55:04: Start of error session.
L 03/14/2019 - 13:55:04: Info (map "=vatb_enarme2") (file "addons/amxmodx/logs/error_20190314.log")
L 03/14/2019 - 13:55:04: [AMXX] Plugin file open error (plugin "vlhtraining_motd.amxx")
L 03/14/2019 - 14:28:55: Start of error session.
L 03/14/2019 - 14:28:55: Info (map "vatb_runners") (file "addons/amxmodx/logs/error_20190314.log")
L 03/14/2019 - 14:28:55: [AMXX] Plugin file open error (plugin "vlhtraining_motd.amxx")
L 03/14/2019 - 14:47:50: Start of error session.
L 03/14/2019 - 14:47:50: Info (map "=vatb_runners") (file "addons/amxmodx/logs/error_20190314.log")
L 03/14/2019 - 14:47:50: [AMXX] Plugin file open error (plugin "vlhtraining_motd.amxx")
L 03/14/2019 - 14:51:23: Start of error session.
L 03/14/2019 - 14:51:23: Info (map "=vatb_runners") (file "addons/amxmodx/logs/error_20190314.log")
L 03/14/2019 - 14:51:23: [AMXX] Plugin file open error (plugin "vlhtraining_motd.amxx")
L 03/14/2019 - 14:59:00: Start of error session.
L 03/14/2019 - 14:59:00: Info (map "=vatb_runners") (file "addons/amxmodx/logs/error_20190314.log")
L 03/14/2019 - 14:59:00: [AMXX] Plugin file open error (plugin "vlhtraining_motd.amxx")
L 03/14/2019 - 15:06:31: Start of error session.
L 03/14/2019 - 15:06:31: Info (map "=vatb_runners") (file "addons/amxmodx/logs/error_20190314.log")
L 03/14/2019 - 15:06:31: [AMXX] Plugin file open error (plugin "vlhtraining_motd.amxx")
L 03/14/2019 - 15:13:15: Start of error session.
L 03/14/2019 - 15:13:15: Info (map "=vatb_runners") (file "addons/amxmodx/logs/error_20190314.log")
L 03/14/2019 - 15:13:15: [AMXX] Plugin file open error (plugin "vlhtraining_motd.amxx")
L 03/14/2019 - 15:18:14: Start of error session.
L 03/14/2019 - 15:18:14: Info (map "=vatb_runners") (file "addons/amxmodx/logs/error_20190314.log")
L 03/14/2019 - 15:18:14: [AMXX] Plugin file open error (plugin "vlhtraining_motd.amxx")
L 03/14/2019 - 15:21:23: Start of error session.
L 03/14/2019 - 15:21:23: Info (map "=vatb_runners") (file "addons/amxmodx/logs/error_20190314.log")
L 03/14/2019 - 15:21:23: [AMXX] Plugin file open error (plugin "vlhtraining_motd.amxx")
L 03/14/2019 - 15:25:59: Start of error session.
L 03/14/2019 - 15:25:59: Info (map "=vatb_runners") (file "addons/amxmodx/logs/error_20190314.log")
L 03/14/2019 - 15:25:59: [AMXX] Plugin file open error (plugin "vlhtraining_motd.amxx")
L 03/14/2019 - 15:29:41: Start of error session.
L 03/14/2019 - 15:29:41: Info (map "=vatb_runners") (file "addons/amxmodx/logs/error_20190314.log")
L 03/14/2019 - 15:29:41: [AMXX] Plugin file open error (plugin "vlhtraining_motd.amxx")
L 03/14/2019 - 15:34:21: Start of error session.
L 03/14/2019 - 15:34:21: Info (map "=vatb_runners") (file "addons/amxmodx/logs/error_20190314.log")
L 03/14/2019 - 15:34:21: [AMXX] Plugin file open error (plugin "vlhtraining_motd.amxx")
L 03/14/2019 - 15:37:37: Start of error session.
L 03/14/2019 - 15:37:37: Info (map "=vatb_runners") (file "addons/amxmodx/logs/error_20190314.log")
L 03/14/2019 - 15:37:37: [AMXX] Plugin file open error (plugin "vlhtraining_motd.amxx")
L 03/14/2019 - 15:39:04: Start of error session.
L 03/14/2019 - 15:39:04: Info (map "=vatb_runners") (file "addons/amxmodx/logs/error_20190314.log")
L 03/14/2019 - 15:39:04: [AMXX] Plugin file open error (plugin "vlhtraining_motd.amxx")
L 03/14/2019 - 15:40:11: Start of error session.
L 03/14/2019 - 15:40:11: Info (map "=vatb_runners") (file "addons/amxmodx/logs/error_20190314.log")
L 03/14/2019 - 15:40:11: [AMXX] Plugin file open error (plugin "vlhtraining_motd.amxx")
L 03/14/2019 - 15:43:55: Start of error session.
L 03/14/2019 - 15:43:55: Info (map "=vatb_runners") (file "addons/amxmodx/logs/error_20190314.log")
L 03/14/2019 - 15:43:55: [AMXX] Plugin file open error (plugin "vlhtraining_motd.amxx")
L 03/14/2019 - 15:48:33: Start of error session.
L 03/14/2019 - 15:48:33: Info (map "=vatb_runners") (file "addons/amxmodx/logs/error_20190314.log")
L 03/14/2019 - 15:48:33: [AMXX] Plugin file open error (plugin "vlhtraining_motd.amxx")
L 03/14/2019 - 15:51:02: Start of error session.
L 03/14/2019 - 15:51:02: Info (map "=vatb_runners") (file "addons/amxmodx/logs/error_20190314.log")
L 03/14/2019 - 15:51:02: [AMXX] Plugin file open error (plugin "vlhtraining_motd.amxx")
L 03/14/2019 - 16:23:00: Start of error session.
L 03/14/2019 - 16:23:00: Info (map "=vatb_runners") (file "addons/amxmodx/logs/error_20190314.log")
L 03/14/2019 - 16:23:00: [AMXX] Plugin file open error (plugin "vlhtraining_motd.amxx")
L 03/14/2019 - 16:27:36: Start of error session.
L 03/14/2019 - 16:27:36: Info (map "=vatb_runners") (file "addons/amxmodx/logs/error_20190314.log")
L 03/14/2019 - 16:27:36: [AMXX] Plugin file open error (plugin "vlhtraining_motd.amxx")
L 03/14/2019 - 17:06:08: Start of error session.
L 03/14/2019 - 17:06:08: Info (map "=vatb_runners") (file "addons/amxmodx/logs/error_20190314.log")
L 03/14/2019 - 17:06:08: [AMXX] Plugin file open error (plugin "vlhtraining_motd.amxx")
L 03/14/2019 - 17:14:45: Start of error session.
L 03/14/2019 - 17:14:45: Info (map "=vatb_runners") (file "addons/amxmodx/logs/error_20190314.log")
L 03/14/2019 - 17:14:45: [AMXX] Plugin file open error (plugin "vlhtraining_motd.amxx")
L 03/14/2019 - 17:38:11: Start of error session.
L 03/14/2019 - 17:38:11: Info (map "=vatb_runners") (file "addons/amxmodx/logs/error_20190314.log")
L 03/14/2019 - 17:38:11: [AMXX] Plugin file open error (plugin "vlhtraining_motd.amxx")
L 03/14/2019 - 17:38:37: Start of error session.
L 03/14/2019 - 17:38:37: Info (map "=vatb_runners") (file "addons/amxmodx/logs/error_20190314.log")
L 03/14/2019 - 17:38:37: [AMXX] Plugin file open error (plugin "vlhtraining_motd.amxx")
L 03/14/2019 - 17:42:01: Start of error session.
L 03/14/2019 - 17:42:01: Info (map "=vatb_training") (file "addons/amxmodx/logs/error_20190314.log")
L 03/14/2019 - 17:42:01: [AMXX] Plugin file open error (plugin "vlhtraining_motd.amxx")
L 03/14/2019 - 17:48:22: Start of error session.
L 03/14/2019 - 17:48:22: Info (map "=vatb_training") (file "addons/amxmodx/logs/error_20190314.log")
L 03/14/2019 - 17:48:22: [AMXX] Plugin file open error (plugin "vlhtraining_motd.amxx")
L 03/14/2019 - 18:00:31: Start of error session.
L 03/14/2019 - 18:00:31: Info (map "=vatb_runners") (file "addons/amxmodx/logs/error_20190314.log")
L 03/14/2019 - 18:00:31: [AMXX] Plugin file open error (plugin "vlhtraining_motd.amxx")
