L 03/26/2019 - 09:49:20: Start of error session.
L 03/26/2019 - 09:49:20: Info (map "=vatb_training") (file "addons/amxmodx/logs/error_20190326.log")
L 03/26/2019 - 09:49:20: [AMXX] Plugin file open error (plugin "vlhtraining_motd.amxx")
L 03/26/2019 - 09:51:42: Start of error session.
L 03/26/2019 - 09:51:42: Info (map "=vatb_training") (file "addons/amxmodx/logs/error_20190326.log")
L 03/26/2019 - 09:51:42: [AMXX] Plugin file open error (plugin "vlhtraining_motd.amxx")
L 03/26/2019 - 09:53:42: Start of error session.
L 03/26/2019 - 09:53:42: Info (map "=vatb_training") (file "addons/amxmodx/logs/error_20190326.log")
L 03/26/2019 - 09:53:42: [AMXX] Plugin file open error (plugin "vlhtraining_motd.amxx")
L 03/26/2019 - 10:07:00: Start of error session.
L 03/26/2019 - 10:07:00: Info (map "=vatb_training") (file "addons/amxmodx/logs/error_20190326.log")
L 03/26/2019 - 10:07:00: [AMXX] Plugin file open error (plugin "vlhtraining_motd.amxx")
L 03/26/2019 - 13:12:39: Start of error session.
L 03/26/2019 - 13:12:39: Info (map "=vatb_training") (file "addons/amxmodx/logs/error_20190326.log")
L 03/26/2019 - 13:12:39: [AMXX] Plugin file open error (plugin "vlhtraining_motd.amxx")
L 03/26/2019 - 13:16:16: Start of error session.
L 03/26/2019 - 13:16:16: Info (map "=vatb_training") (file "addons/amxmodx/logs/error_20190326.log")
L 03/26/2019 - 13:16:16: [AMXX] Plugin file open error (plugin "vlhtraining_motd.amxx")
L 03/26/2019 - 15:17:44: Start of error session.
L 03/26/2019 - 15:17:44: Info (map "=vatb_training") (file "addons/amxmodx/logs/error_20190326.log")
L 03/26/2019 - 15:17:44: [AMXX] Plugin file open error (plugin "vlhtraining_motd.amxx")
L 03/26/2019 - 15:19:33: Start of error session.
L 03/26/2019 - 15:19:33: Info (map "=vatb_training") (file "addons/amxmodx/logs/error_20190326.log")
L 03/26/2019 - 15:19:33: [AMXX] Plugin file open error (plugin "vlhtraining_motd.amxx")
L 03/26/2019 - 15:24:20: Start of error session.
L 03/26/2019 - 15:24:20: Info (map "=vatb_training") (file "addons/amxmodx/logs/error_20190326.log")
L 03/26/2019 - 15:24:20: [AMXX] Plugin file open error (plugin "vlhtraining_motd.amxx")
L 03/26/2019 - 15:25:35: Start of error session.
L 03/26/2019 - 15:25:35: Info (map "=vatb_training") (file "addons/amxmodx/logs/error_20190326.log")
L 03/26/2019 - 15:25:35: [AMXX] Plugin file open error (plugin "vlhtraining_motd.amxx")
L 03/26/2019 - 15:26:51: Start of error session.
L 03/26/2019 - 15:26:51: Info (map "=vatb_training") (file "addons/amxmodx/logs/error_20190326.log")
L 03/26/2019 - 15:26:51: [AMXX] Plugin file open error (plugin "vlhtraining_motd.amxx")
L 03/26/2019 - 15:30:41: Start of error session.
L 03/26/2019 - 15:30:41: Info (map "=vatb_training") (file "addons/amxmodx/logs/error_20190326.log")
L 03/26/2019 - 15:30:41: [AMXX] Plugin file open error (plugin "vlhtraining_motd.amxx")
L 03/26/2019 - 15:35:57: Start of error session.
L 03/26/2019 - 15:35:57: Info (map "=vatb_training") (file "addons/amxmodx/logs/error_20190326.log")
L 03/26/2019 - 15:35:57: [AMXX] Plugin file open error (plugin "vlhtraining_motd.amxx")
L 03/26/2019 - 15:36:24: Start of error session.
L 03/26/2019 - 15:36:24: Info (map "=vatb_training") (file "addons/amxmodx/logs/error_20190326.log")
L 03/26/2019 - 15:36:24: [AMXX] Plugin file open error (plugin "vlhtraining_motd.amxx")
L 03/26/2019 - 15:52:37: Start of error session.
L 03/26/2019 - 15:52:37: Info (map "=vatb_training") (file "addons/amxmodx/logs/error_20190326.log")
L 03/26/2019 - 15:52:37: [AMXX] Plugin file open error (plugin "vlhtraining_motd.amxx")
L 03/26/2019 - 16:01:09: Start of error session.
L 03/26/2019 - 16:01:09: Info (map "=vatb_training") (file "addons/amxmodx/logs/error_20190326.log")
L 03/26/2019 - 16:01:09: [AMXX] Plugin file open error (plugin "vlhtraining_motd.amxx")
L 03/26/2019 - 16:20:16: Start of error session.
L 03/26/2019 - 16:20:16: Info (map "=vatb_training") (file "addons/amxmodx/logs/error_20190326.log")
L 03/26/2019 - 16:20:16: [AMXX] Plugin file open error (plugin "vlhtraining_motd.amxx")
L 03/26/2019 - 16:30:13: Start of error session.
L 03/26/2019 - 16:30:13: Info (map "=vatb_training") (file "addons/amxmodx/logs/error_20190326.log")
L 03/26/2019 - 16:30:13: [AMXX] Plugin file open error (plugin "vlhtraining_motd.amxx")
L 03/26/2019 - 16:32:28: Start of error session.
L 03/26/2019 - 16:32:28: Info (map "=vatb_training") (file "addons/amxmodx/logs/error_20190326.log")
L 03/26/2019 - 16:32:28: [AMXX] Plugin file open error (plugin "vlhtraining_motd.amxx")
L 03/26/2019 - 16:44:09: Start of error session.
L 03/26/2019 - 16:44:09: Info (map "=vatb_training") (file "addons/amxmodx/logs/error_20190326.log")
L 03/26/2019 - 16:44:09: [AMXX] Plugin file open error (plugin "vlhtraining_motd.amxx")
L 03/26/2019 - 16:48:13: Start of error session.
L 03/26/2019 - 16:48:13: Info (map "=vatb_training") (file "addons/amxmodx/logs/error_20190326.log")
L 03/26/2019 - 16:48:13: [AMXX] Plugin file open error (plugin "vlhtraining_motd.amxx")
L 03/26/2019 - 16:51:31: Start of error session.
L 03/26/2019 - 16:51:31: Info (map "=vatb_training") (file "addons/amxmodx/logs/error_20190326.log")
L 03/26/2019 - 16:51:31: [AMXX] Plugin file open error (plugin "vlhtraining_motd.amxx")
L 03/26/2019 - 16:54:43: Start of error session.
L 03/26/2019 - 16:54:43: Info (map "=vatb_training") (file "addons/amxmodx/logs/error_20190326.log")
L 03/26/2019 - 16:54:43: [AMXX] Plugin file open error (plugin "vlhtraining_motd.amxx")
L 03/26/2019 - 16:56:22: Start of error session.
L 03/26/2019 - 16:56:22: Info (map "=vatb_training") (file "addons/amxmodx/logs/error_20190326.log")
L 03/26/2019 - 16:56:22: [AMXX] Plugin file open error (plugin "vlhtraining_motd.amxx")
L 03/26/2019 - 17:01:59: Start of error session.
L 03/26/2019 - 17:01:59: Info (map "=vatb_training") (file "addons/amxmodx/logs/error_20190326.log")
L 03/26/2019 - 17:01:59: [AMXX] Plugin file open error (plugin "vlhtraining_motd.amxx")
L 03/26/2019 - 17:05:18: Start of error session.
L 03/26/2019 - 17:05:18: Info (map "=vatb_training") (file "addons/amxmodx/logs/error_20190326.log")
L 03/26/2019 - 17:05:18: [AMXX] Plugin file open error (plugin "vlhtraining_motd.amxx")
L 03/26/2019 - 17:19:44: Start of error session.
L 03/26/2019 - 17:19:44: Info (map "=vatb_training") (file "addons/amxmodx/logs/error_20190326.log")
L 03/26/2019 - 17:19:44: [AMXX] Plugin file open error (plugin "vlhtraining_motd.amxx")
L 03/26/2019 - 17:19:49: [HAMSANDWICH] Failed to retrieve classtype for entity id "2", hook for "@Spawn" not active.
L 03/26/2019 - 17:19:49: [AMXX] Run time error 10 (plugin "gw_bots.amxx") (native "RegisterHamFromEntity") - debug not enabled!
L 03/26/2019 - 17:19:49: [AMXX] To enable debug mode, add "debug" after the plugin name in plugins.ini (without quotes).
L 03/26/2019 - 17:19:50: [HAMSANDWICH] Failed to retrieve classtype for entity id "3", hook for "@Spawn" not active.
L 03/26/2019 - 17:19:50: [AMXX] Run time error 10 (plugin "gw_bots.amxx") (native "RegisterHamFromEntity") - debug not enabled!
L 03/26/2019 - 17:19:50: [AMXX] To enable debug mode, add "debug" after the plugin name in plugins.ini (without quotes).
L 03/26/2019 - 17:19:50: [HAMSANDWICH] Failed to retrieve classtype for entity id "4", hook for "@Spawn" not active.
L 03/26/2019 - 17:19:50: [AMXX] Run time error 10 (plugin "gw_bots.amxx") (native "RegisterHamFromEntity") - debug not enabled!
L 03/26/2019 - 17:19:50: [AMXX] To enable debug mode, add "debug" after the plugin name in plugins.ini (without quotes).
L 03/26/2019 - 17:19:51: [HAMSANDWICH] Failed to retrieve classtype for entity id "5", hook for "@Spawn" not active.
L 03/26/2019 - 17:19:51: [AMXX] Run time error 10 (plugin "gw_bots.amxx") (native "RegisterHamFromEntity") - debug not enabled!
L 03/26/2019 - 17:19:51: [AMXX] To enable debug mode, add "debug" after the plugin name in plugins.ini (without quotes).
L 03/26/2019 - 17:19:51: [HAMSANDWICH] Failed to retrieve classtype for entity id "6", hook for "@Spawn" not active.
L 03/26/2019 - 17:19:51: [AMXX] Run time error 10 (plugin "gw_bots.amxx") (native "RegisterHamFromEntity") - debug not enabled!
L 03/26/2019 - 17:19:51: [AMXX] To enable debug mode, add "debug" after the plugin name in plugins.ini (without quotes).
L 03/26/2019 - 17:19:52: [HAMSANDWICH] Failed to retrieve classtype for entity id "7", hook for "@Spawn" not active.
L 03/26/2019 - 17:19:52: [AMXX] Run time error 10 (plugin "gw_bots.amxx") (native "RegisterHamFromEntity") - debug not enabled!
L 03/26/2019 - 17:19:52: [AMXX] To enable debug mode, add "debug" after the plugin name in plugins.ini (without quotes).
L 03/26/2019 - 17:19:52: [HAMSANDWICH] Failed to retrieve classtype for entity id "8", hook for "@Spawn" not active.
L 03/26/2019 - 17:19:52: [AMXX] Run time error 10 (plugin "gw_bots.amxx") (native "RegisterHamFromEntity") - debug not enabled!
L 03/26/2019 - 17:19:52: [AMXX] To enable debug mode, add "debug" after the plugin name in plugins.ini (without quotes).
L 03/26/2019 - 17:19:53: [HAMSANDWICH] Failed to retrieve classtype for entity id "9", hook for "@Spawn" not active.
L 03/26/2019 - 17:19:53: [AMXX] Run time error 10 (plugin "gw_bots.amxx") (native "RegisterHamFromEntity") - debug not enabled!
L 03/26/2019 - 17:19:53: [AMXX] To enable debug mode, add "debug" after the plugin name in plugins.ini (without quotes).
L 03/26/2019 - 17:19:53: [HAMSANDWICH] Failed to retrieve classtype for entity id "10", hook for "@Spawn" not active.
L 03/26/2019 - 17:19:53: [AMXX] Run time error 10 (plugin "gw_bots.amxx") (native "RegisterHamFromEntity") - debug not enabled!
L 03/26/2019 - 17:19:53: [AMXX] To enable debug mode, add "debug" after the plugin name in plugins.ini (without quotes).
L 03/26/2019 - 17:25:46: Start of error session.
L 03/26/2019 - 17:25:46: Info (map "=vatb_training") (file "addons/amxmodx/logs/error_20190326.log")
L 03/26/2019 - 17:25:46: [AMXX] Plugin file open error (plugin "vlhtraining_motd.amxx")
L 03/26/2019 - 17:25:51: [HAMSANDWICH] Failed to retrieve classtype for entity id "2", hook for "@Spawn" not active.
L 03/26/2019 - 17:25:51: [AMXX] Run time error 10 (plugin "gw_bots.amxx") (native "RegisterHamFromEntity") - debug not enabled!
L 03/26/2019 - 17:25:51: [AMXX] To enable debug mode, add "debug" after the plugin name in plugins.ini (without quotes).
L 03/26/2019 - 17:25:51: [HAMSANDWICH] Failed to retrieve classtype for entity id "3", hook for "@Spawn" not active.
L 03/26/2019 - 17:25:51: [AMXX] Run time error 10 (plugin "gw_bots.amxx") (native "RegisterHamFromEntity") - debug not enabled!
L 03/26/2019 - 17:25:51: [AMXX] To enable debug mode, add "debug" after the plugin name in plugins.ini (without quotes).
L 03/26/2019 - 17:25:52: [HAMSANDWICH] Failed to retrieve classtype for entity id "4", hook for "@Spawn" not active.
L 03/26/2019 - 17:25:52: [AMXX] Run time error 10 (plugin "gw_bots.amxx") (native "RegisterHamFromEntity") - debug not enabled!
L 03/26/2019 - 17:25:52: [AMXX] To enable debug mode, add "debug" after the plugin name in plugins.ini (without quotes).
L 03/26/2019 - 17:25:52: [HAMSANDWICH] Failed to retrieve classtype for entity id "5", hook for "@Spawn" not active.
L 03/26/2019 - 17:25:52: [AMXX] Run time error 10 (plugin "gw_bots.amxx") (native "RegisterHamFromEntity") - debug not enabled!
L 03/26/2019 - 17:25:52: [AMXX] To enable debug mode, add "debug" after the plugin name in plugins.ini (without quotes).
L 03/26/2019 - 17:25:53: [HAMSANDWICH] Failed to retrieve classtype for entity id "6", hook for "@Spawn" not active.
L 03/26/2019 - 17:25:53: [AMXX] Run time error 10 (plugin "gw_bots.amxx") (native "RegisterHamFromEntity") - debug not enabled!
L 03/26/2019 - 17:25:53: [AMXX] To enable debug mode, add "debug" after the plugin name in plugins.ini (without quotes).
L 03/26/2019 - 17:25:53: [HAMSANDWICH] Failed to retrieve classtype for entity id "7", hook for "@Spawn" not active.
L 03/26/2019 - 17:25:53: [AMXX] Run time error 10 (plugin "gw_bots.amxx") (native "RegisterHamFromEntity") - debug not enabled!
L 03/26/2019 - 17:25:53: [AMXX] To enable debug mode, add "debug" after the plugin name in plugins.ini (without quotes).
L 03/26/2019 - 17:25:54: [HAMSANDWICH] Failed to retrieve classtype for entity id "8", hook for "@Spawn" not active.
L 03/26/2019 - 17:25:54: [AMXX] Run time error 10 (plugin "gw_bots.amxx") (native "RegisterHamFromEntity") - debug not enabled!
L 03/26/2019 - 17:25:54: [AMXX] To enable debug mode, add "debug" after the plugin name in plugins.ini (without quotes).
L 03/26/2019 - 17:25:54: [HAMSANDWICH] Failed to retrieve classtype for entity id "9", hook for "@Spawn" not active.
L 03/26/2019 - 17:25:54: [AMXX] Run time error 10 (plugin "gw_bots.amxx") (native "RegisterHamFromEntity") - debug not enabled!
L 03/26/2019 - 17:25:54: [AMXX] To enable debug mode, add "debug" after the plugin name in plugins.ini (without quotes).
L 03/26/2019 - 17:25:55: [HAMSANDWICH] Failed to retrieve classtype for entity id "10", hook for "@Spawn" not active.
L 03/26/2019 - 17:25:55: [AMXX] Run time error 10 (plugin "gw_bots.amxx") (native "RegisterHamFromEntity") - debug not enabled!
L 03/26/2019 - 17:25:55: [AMXX] To enable debug mode, add "debug" after the plugin name in plugins.ini (without quotes).
L 03/26/2019 - 17:30:04: Start of error session.
L 03/26/2019 - 17:30:04: Info (map "=vatb_training") (file "addons/amxmodx/logs/error_20190326.log")
L 03/26/2019 - 17:30:04: [AMXX] Plugin file open error (plugin "vlhtraining_motd.amxx")
L 03/26/2019 - 17:35:36: Start of error session.
L 03/26/2019 - 17:35:36: Info (map "=vatb_training") (file "addons/amxmodx/logs/error_20190326.log")
L 03/26/2019 - 17:35:36: [AMXX] Plugin file open error (plugin "vlhtraining_motd.amxx")
L 03/26/2019 - 17:41:47: Start of error session.
L 03/26/2019 - 17:41:47: Info (map "=vatb_training") (file "addons/amxmodx/logs/error_20190326.log")
L 03/26/2019 - 17:41:47: [AMXX] Plugin file open error (plugin "vlhtraining_motd.amxx")
