L 04/06/2019 - 10:41:17: Start of error session.
L 04/06/2019 - 10:41:17: Info (map "=vatb_training") (file "addons/amxmodx/logs/error_20190406.log")
L 04/06/2019 - 10:41:17: [AMXX] Plugin file open error (plugin "vlhtraining_motd.amxx")
L 04/06/2019 - 10:42:01: Start of error session.
L 04/06/2019 - 10:42:01: Info (map "=vatb_enarme2") (file "addons/amxmodx/logs/error_20190406.log")
L 04/06/2019 - 10:42:01: [AMXX] Plugin file open error (plugin "vlhtraining_motd.amxx")
L 04/06/2019 - 10:43:30: Start of error session.
L 04/06/2019 - 10:43:30: Info (map "=vatb_training") (file "addons/amxmodx/logs/error_20190406.log")
L 04/06/2019 - 10:43:30: [AMXX] Plugin file open error (plugin "vlhtraining_motd.amxx")
L 04/06/2019 - 11:13:04: Start of error session.
L 04/06/2019 - 11:13:04: Info (map "=vatb_training") (file "addons/amxmodx/logs/error_20190406.log")
L 04/06/2019 - 11:13:04: [AMXX] Plugin file open error (plugin "vlhtraining_motd.amxx")
L 04/06/2019 - 11:53:42: Start of error session.
L 04/06/2019 - 11:53:42: Info (map "=vatb_enarme2") (file "addons/amxmodx/logs/error_20190406.log")
L 04/06/2019 - 11:53:42: [AMXX] Plugin file open error (plugin "vlhtraining_motd.amxx")
L 04/06/2019 - 12:07:31: Start of error session.
L 04/06/2019 - 12:07:31: Info (map "=vatb_enarme2") (file "addons/amxmodx/logs/error_20190406.log")
L 04/06/2019 - 12:07:31: [AMXX] Plugin file open error (plugin "vlhtraining_motd.amxx")
L 04/06/2019 - 12:25:09: Start of error session.
L 04/06/2019 - 12:25:09: Info (map "=vatb_enarme2") (file "addons/amxmodx/logs/error_20190406.log")
L 04/06/2019 - 12:25:09: [AMXX] Plugin file open error (plugin "vlhtraining_motd.amxx")
L 04/06/2019 - 12:58:07: Start of error session.
L 04/06/2019 - 12:58:07: Info (map "=vatb_enarme2") (file "addons/amxmodx/logs/error_20190406.log")
L 04/06/2019 - 12:58:07: [AMXX] Plugin file open error (plugin "vlhtraining_motd.amxx")
L 04/06/2019 - 13:00:08: Start of error session.
L 04/06/2019 - 13:00:08: Info (map "de_tuscan") (file "addons/amxmodx/logs/error_20190406.log")
L 04/06/2019 - 13:00:08: [AMXX] Plugin file open error (plugin "vlhtraining_motd.amxx")
L 04/06/2019 - 13:45:37: Start of error session.
L 04/06/2019 - 13:45:37: Info (map "=vatb_enarme2") (file "addons/amxmodx/logs/error_20190406.log")
L 04/06/2019 - 13:45:37: [AMXX] Plugin file open error (plugin "vlhtraining_motd.amxx")
L 04/06/2019 - 14:37:49: Start of error session.
L 04/06/2019 - 14:37:49: Info (map "=vatb_training_awp") (file "addons/amxmodx/logs/error_20190406.log")
L 04/06/2019 - 14:37:49: [AMXX] Plugin file open error (plugin "vlhtraining_motd.amxx")
L 04/06/2019 - 14:38:23: Start of error session.
L 04/06/2019 - 14:38:23: Info (map "=vatb_training_awp") (file "addons/amxmodx/logs/error_20190406.log")
L 04/06/2019 - 14:38:23: [AMXX] Plugin file open error (plugin "vlhtraining_motd.amxx")
L 04/06/2019 - 14:47:57: Start of error session.
L 04/06/2019 - 14:47:57: Info (map "=vatb_training_awp") (file "addons/amxmodx/logs/error_20190406.log")
L 04/06/2019 - 14:47:57: [AMXX] Plugin file open error (plugin "vlhtraining_motd.amxx")
L 04/06/2019 - 14:52:25: Start of error session.
L 04/06/2019 - 14:52:25: Info (map "=vatb_training_awp") (file "addons/amxmodx/logs/error_20190406.log")
L 04/06/2019 - 14:52:25: [AMXX] Plugin file open error (plugin "vlhtraining_motd.amxx")
