L 02/13/2019 - 14:06:50: Start of error session.
L 02/13/2019 - 14:06:50: Info (map "vatb_training90") (file "addons/amxmodx/logs/error_20190213.log")
L 02/13/2019 - 14:06:50: [AMXX] Plugin file open error (plugin "vlhtraining_motd.amxx")
L 02/13/2019 - 15:09:43: Start of error session.
L 02/13/2019 - 15:09:43: Info (map "vatb_training90") (file "addons/amxmodx/logs/error_20190213.log")
L 02/13/2019 - 15:09:43: [AMXX] Plugin file open error (plugin "vlhtraining_motd.amxx")
L 02/13/2019 - 15:20:17: Start of error session.
L 02/13/2019 - 15:20:17: Info (map "vatb_training90") (file "addons/amxmodx/logs/error_20190213.log")
L 02/13/2019 - 15:20:17: [AMXX] Plugin file open error (plugin "vlhtraining_motd.amxx")
L 02/13/2019 - 15:24:48: Start of error session.
L 02/13/2019 - 15:24:48: Info (map "vatb_training90") (file "addons/amxmodx/logs/error_20190213.log")
L 02/13/2019 - 15:24:48: [AMXX] Plugin file open error (plugin "vlhtraining_motd.amxx")
L 02/13/2019 - 15:37:51: Start of error session.
L 02/13/2019 - 15:37:51: Info (map "vatb_training90") (file "addons/amxmodx/logs/error_20190213.log")
L 02/13/2019 - 15:37:51: [AMXX] Plugin file open error (plugin "vlhtraining_motd.amxx")
L 02/13/2019 - 15:41:30: Start of error session.
L 02/13/2019 - 15:41:30: Info (map "vatb_training90") (file "addons/amxmodx/logs/error_20190213.log")
L 02/13/2019 - 15:41:30: [AMXX] Plugin file open error (plugin "vlhtraining_motd.amxx")
L 02/13/2019 - 15:45:26: Start of error session.
L 02/13/2019 - 15:45:26: Info (map "vatb_training") (file "addons/amxmodx/logs/error_20190213.log")
L 02/13/2019 - 15:45:26: [AMXX] Plugin file open error (plugin "vlhtraining_motd.amxx")
L 02/13/2019 - 15:46:53: Start of error session.
L 02/13/2019 - 15:46:53: Info (map "vatb_training") (file "addons/amxmodx/logs/error_20190213.log")
L 02/13/2019 - 15:46:53: [AMXX] Plugin file open error (plugin "vlhtraining_motd.amxx")
L 02/13/2019 - 16:44:44: Start of error session.
L 02/13/2019 - 16:44:44: Info (map "=vatb_training") (file "addons/amxmodx/logs/error_20190213.log")
L 02/13/2019 - 16:44:44: [AMXX] Plugin file open error (plugin "vlhtraining_motd.amxx")
L 02/13/2019 - 16:49:15: Start of error session.
L 02/13/2019 - 16:49:15: Info (map "=vatb_training") (file "addons/amxmodx/logs/error_20190213.log")
L 02/13/2019 - 16:49:15: [AMXX] Plugin file open error (plugin "vlhtraining_motd.amxx")
L 02/13/2019 - 16:53:24: Start of error session.
L 02/13/2019 - 16:53:24: Info (map "=vatb_training") (file "addons/amxmodx/logs/error_20190213.log")
L 02/13/2019 - 16:53:24: [AMXX] Plugin file open error (plugin "vlhtraining_motd.amxx")
L 02/13/2019 - 17:18:45: Start of error session.
L 02/13/2019 - 17:18:45: Info (map "=vatb_training") (file "addons/amxmodx/logs/error_20190213.log")
L 02/13/2019 - 17:18:45: [AMXX] Plugin file open error (plugin "vlhtraining_motd.amxx")
L 02/13/2019 - 17:42:42: Start of error session.
L 02/13/2019 - 17:42:42: Info (map "=vatb_training") (file "addons/amxmodx/logs/error_20190213.log")
L 02/13/2019 - 17:42:42: [AMXX] Plugin file open error (plugin "vlhtraining_motd.amxx")
L 02/13/2019 - 17:45:36: Start of error session.
L 02/13/2019 - 17:45:36: Info (map "=vatb_training") (file "addons/amxmodx/logs/error_20190213.log")
L 02/13/2019 - 17:45:36: [AMXX] Plugin file open error (plugin "vlhtraining_motd.amxx")
